[HTTP] Binding to address: :1080
Creating API v1 with WebPath: 
Creating API v2 with WebPath: 
[APIv1] KEEPALIVE /api/v1/events
Got message in APIv2 websocket channel
[APIv2] BROADCAST /api/v2/websocket
Got message in APIv1 event stream
Sending content: {
  "ID": "aDk3EQMcTpFazxfQw7HXvJ7MevQpKpAGRz4DSnoeiEo=@mailhog.example",
  "From": {
    "Relays": null,
    "Mailbox": "www-data",
    "Domain": "7c0f8a182f84",
    "Params": ""
  },
  "To": [
    {
      "Relays": null,
      "Mailbox": "mailhog",
      "Domain": "flywheel.local",
      "Params": ""
    }
  ],
  "Content": {
    "Headers": {
      "Content-Type": [
        "text/plain; charset=UTF-8"
      ],
      "Date": [
        "Thu, 4 Jul 2019 19:23:20 +0000"
      ],
      "From": [
        "WordPress \u003cwordpress@wclocal.local\u003e"
      ],
      "MIME-Version": [
        "1.0"
      ],
      "Message-ID": [
        "\u003c3488cd72d461c70d57c1ca39540dfc3a@wclocal.local\u003e"
      ],
      "Received": [
        "from localhost by mailhog.example (MailHog)\r\n          id aDk3EQMcTpFazxfQw7HXvJ7MevQpKpAGRz4DSnoeiEo=@mailhog.example; Thu, 04 Jul 2019 19:23:20 +0000"
      ],
      "Return-Path": [
        "\u003cwww-data@7c0f8a182f84\u003e"
      ],
      "Subject": [
        "[wclocal] Your site has updated to WordPress 5.0.4"
      ],
      "To": [
        "bishalctg@yahoo.com"
      ],
      "X-Mailer": [
        "PHPMailer 5.2.22 (https://github.com/PHPMailer/PHPMailer)"
      ],
      "X-PHP-Originating-Script": [
        "1000:class-phpmailer.php"
      ]
    },
    "Body": "Howdy! Your site at http://wclocal.local has been updated automatically to WordPress 5.0.4.\r\n\r\nFor more on version 5.0.4, see the About WordPress screen:\r\nhttp://wclocal.local/wp-admin/about.php\r\n\r\nWordPress 5.2.2 is also now available. Updating is easy and only takes a few moments:\r\nhttp://wclocal.local/wp-admin/update-core.php\r\n\r\nIf you experience any issues or need support, the volunteers in the WordPress.org support forums may be able to help.\r\nhttps://wordpress.org/support/\r\n\r\nKeeping your site updated is important for security. It also makes the internet a safer place for you and your readers.\r\n\r\nThe WordPress Team\r\n",
    "Size": 1042,
    "MIME": null
  },
  "Created": "2019-07-04T19:23:20.519351681Z",
  "MIME": null,
  "Raw": {
    "From": "www-data@7c0f8a182f84",
    "To": [
      "mailhog@flywheel.local"
    ],
    "Data": "To: bishalctg@yahoo.com\r\nSubject: [wclocal] Your site has updated to WordPress 5.0.4\r\nX-PHP-Originating-Script: 1000:class-phpmailer.php\r\nDate: Thu, 4 Jul 2019 19:23:20 +0000\r\nFrom: WordPress \u003cwordpress@wclocal.local\u003e\r\nMessage-ID: \u003c3488cd72d461c70d57c1ca39540dfc3a@wclocal.local\u003e\r\nX-Mailer: PHPMailer 5.2.22 (https://github.com/PHPMailer/PHPMailer)\r\nMIME-Version: 1.0\r\nContent-Type: text/plain; charset=UTF-8\r\n\r\nHowdy! Your site at http://wclocal.local has been updated automatically to WordPress 5.0.4.\r\n\r\nFor more on version 5.0.4, see the About WordPress screen:\r\nhttp://wclocal.local/wp-admin/about.php\r\n\r\nWordPress 5.2.2 is also now available. Updating is easy and only takes a few moments:\r\nhttp://wclocal.local/wp-admin/update-core.php\r\n\r\nIf you experience any issues or need support, the volunteers in the WordPress.org support forums may be able to help.\r\nhttps://wordpress.org/support/\r\n\r\nKeeping your site updated is important for security. It also makes the internet a safer place for you and your readers.\r\n\r\nThe WordPress Team\r\n",
    "Helo": "localhost"
  }
}

[APIv1] BROADCAST /api/v1/events
[APIv1] KEEPALIVE /api/v1/events
[APIv1] KEEPALIVE /api/v1/events
[APIv1] KEEPALIVE /api/v1/events
[APIv1] KEEPALIVE /api/v1/events
[APIv1] KEEPALIVE /api/v1/events
[APIv1] KEEPALIVE /api/v1/events
[APIv1] KEEPALIVE /api/v1/events
