2019-01-19 14:33:47,489 CRIT Supervisor running as root (no user in config file)
2019-01-19 14:33:47,493 INFO Included extra file "/etc/supervisor/conf.d/supervisord.conf" during parsing
2019-01-19 14:33:47,713 INFO RPC interface 'supervisor' initialized
2019-01-19 14:33:47,714 CRIT Server 'unix_http_server' running without any HTTP authentication checking
2019-01-19 14:33:47,717 INFO supervisord started with pid 1
2019-01-19 14:33:48,737 INFO spawned: 'varnishd' with pid 15
2019-01-19 14:33:48,769 INFO spawned: 'php-fpm' with pid 16
2019-01-19 14:33:48,787 INFO spawned: 'varnish-plugins-watcher' with pid 17
2019-01-19 14:33:48,837 INFO spawned: 'nginx' with pid 18
2019-01-19 14:33:48,906 INFO spawned: 'MailHog' with pid 19
2019-01-19 14:33:48,939 INFO spawned: 'mysql' with pid 20
2019-01-19 14:33:48,965 INFO spawned: 'varnish-themes-watcher' with pid 21
2019-01-19 14:33:49,832 INFO success: varnishd entered RUNNING state, process has stayed up for > than 1 seconds (startsecs)
2019-01-19 14:33:50,609 INFO success: php-fpm entered RUNNING state, process has stayed up for > than 1 seconds (startsecs)
2019-01-19 14:33:50,614 INFO success: varnish-plugins-watcher entered RUNNING state, process has stayed up for > than 1 seconds (startsecs)
2019-01-19 14:33:50,617 INFO success: nginx entered RUNNING state, process has stayed up for > than 1 seconds (startsecs)
2019-01-19 14:33:50,618 INFO success: MailHog entered RUNNING state, process has stayed up for > than 1 seconds (startsecs)
2019-01-19 14:33:50,621 INFO success: mysql entered RUNNING state, process has stayed up for > than 1 seconds (startsecs)
2019-01-19 14:33:50,624 INFO success: varnish-themes-watcher entered RUNNING state, process has stayed up for > than 1 seconds (startsecs)
2019-01-19 20:05:52,047 WARN received SIGTERM indicating exit request
2019-01-19 20:05:52,378 INFO waiting for varnishd, php-fpm, varnish-plugins-watcher, nginx, MailHog, mysql, varnish-themes-watcher to die
2019-01-19 20:05:52,381 INFO stopped: varnish-themes-watcher (terminated by SIGTERM)
2019-01-19 20:05:52,561 INFO stopped: mysql (exit status 0)
2019-01-19 20:05:52,568 INFO stopped: MailHog (terminated by SIGTERM)
2019-01-19 20:05:52,853 INFO stopped: nginx (exit status 0)
2019-01-19 20:05:54,301 INFO stopped: varnish-plugins-watcher (terminated by SIGTERM)
2019-01-19 20:05:56,220 INFO waiting for varnishd, php-fpm to die
2019-01-19 20:05:56,903 INFO stopped: php-fpm (exit status 0)
2019-01-19 20:05:57,760 INFO reaped unknown pid 13373
2019-01-19 20:05:57,761 INFO reaped unknown pid 27
2019-01-19 20:05:57,768 INFO reaped unknown pid 13375
2019-01-19 20:05:59,814 INFO waiting for varnishd to die
2019-01-19 20:06:03,283 INFO waiting for varnishd to die
2019-02-05 16:04:40,490 CRIT Supervisor running as root (no user in config file)
2019-02-05 16:04:40,496 INFO Included extra file "/etc/supervisor/conf.d/supervisord.conf" during parsing
2019-02-05 16:04:41,457 INFO RPC interface 'supervisor' initialized
2019-02-05 16:04:41,462 CRIT Server 'unix_http_server' running without any HTTP authentication checking
2019-02-05 16:04:41,470 INFO supervisord started with pid 1
2019-02-05 16:04:42,491 INFO spawned: 'varnishd' with pid 29
2019-02-05 16:04:42,558 INFO spawned: 'php-fpm' with pid 30
2019-02-05 16:04:42,660 INFO spawned: 'varnish-plugins-watcher' with pid 31
2019-02-05 16:04:42,809 INFO spawned: 'nginx' with pid 32
2019-02-05 16:04:42,977 INFO spawned: 'MailHog' with pid 33
2019-02-05 16:04:43,197 INFO spawned: 'mysql' with pid 35
2019-02-05 16:04:43,815 INFO spawned: 'varnish-themes-watcher' with pid 39
2019-02-05 16:04:44,416 INFO success: varnishd entered RUNNING state, process has stayed up for > than 1 seconds (startsecs)
2019-02-05 16:04:44,422 INFO success: php-fpm entered RUNNING state, process has stayed up for > than 1 seconds (startsecs)
2019-02-05 16:04:44,851 INFO success: varnish-plugins-watcher entered RUNNING state, process has stayed up for > than 1 seconds (startsecs)
2019-02-05 16:04:44,861 INFO success: nginx entered RUNNING state, process has stayed up for > than 1 seconds (startsecs)
2019-02-05 16:04:44,911 INFO success: MailHog entered RUNNING state, process has stayed up for > than 1 seconds (startsecs)
2019-02-05 16:04:44,999 INFO success: mysql entered RUNNING state, process has stayed up for > than 1 seconds (startsecs)
2019-02-05 16:04:45,003 INFO success: varnish-themes-watcher entered RUNNING state, process has stayed up for > than 1 seconds (startsecs)
2019-02-05 16:21:44,785 WARN received SIGTERM indicating exit request
2019-02-05 16:21:44,853 INFO waiting for varnishd, php-fpm, varnish-plugins-watcher, nginx, MailHog, mysql, varnish-themes-watcher to die
2019-02-05 16:21:45,365 INFO stopped: varnish-themes-watcher (terminated by SIGTERM)
2019-02-05 16:21:45,803 INFO stopped: mysql (exit status 0)
2019-02-05 16:21:45,862 INFO stopped: MailHog (terminated by SIGTERM)
2019-02-05 16:21:46,053 INFO stopped: nginx (exit status 0)
2019-02-05 16:21:47,094 INFO stopped: varnish-plugins-watcher (terminated by SIGTERM)
2019-02-05 16:21:47,707 INFO stopped: php-fpm (exit status 0)
2019-02-05 16:21:48,722 INFO waiting for varnishd to die
2019-02-05 16:21:49,699 INFO reaped unknown pid 81
2019-02-05 16:21:49,768 INFO reaped unknown pid 1446
2019-02-05 16:21:49,950 INFO reaped unknown pid 1453
2019-02-05 16:21:49,997 INFO stopped: varnishd (exit status 0)
2019-02-09 09:50:40,198 CRIT Supervisor running as root (no user in config file)
2019-02-09 09:50:40,204 INFO Included extra file "/etc/supervisor/conf.d/supervisord.conf" during parsing
2019-02-09 09:50:40,471 INFO RPC interface 'supervisor' initialized
2019-02-09 09:50:40,485 CRIT Server 'unix_http_server' running without any HTTP authentication checking
2019-02-09 09:50:40,490 INFO supervisord started with pid 1
2019-02-09 09:50:41,500 INFO spawned: 'varnishd' with pid 25
2019-02-09 09:50:41,572 INFO spawned: 'php-fpm' with pid 26
2019-02-09 09:50:41,618 INFO spawned: 'varnish-plugins-watcher' with pid 27
2019-02-09 09:50:41,715 INFO spawned: 'nginx' with pid 28
2019-02-09 09:50:41,817 INFO spawned: 'MailHog' with pid 29
2019-02-09 09:50:41,957 INFO spawned: 'mysql' with pid 30
2019-02-09 09:50:42,087 INFO spawned: 'varnish-themes-watcher' with pid 32
2019-02-09 09:50:42,872 INFO success: varnishd entered RUNNING state, process has stayed up for > than 1 seconds (startsecs)
2019-02-09 09:50:42,874 INFO success: php-fpm entered RUNNING state, process has stayed up for > than 1 seconds (startsecs)
2019-02-09 09:50:42,876 INFO success: varnish-plugins-watcher entered RUNNING state, process has stayed up for > than 1 seconds (startsecs)
2019-02-09 09:50:42,877 INFO success: nginx entered RUNNING state, process has stayed up for > than 1 seconds (startsecs)
2019-02-09 09:50:42,879 INFO success: MailHog entered RUNNING state, process has stayed up for > than 1 seconds (startsecs)
2019-02-09 09:50:42,880 INFO success: mysql entered RUNNING state, process has stayed up for > than 1 seconds (startsecs)
2019-02-09 09:50:43,047 INFO success: varnish-themes-watcher entered RUNNING state, process has stayed up for > than 1 seconds (startsecs)
2019-02-09 10:01:03,398 WARN received SIGTERM indicating exit request
2019-02-09 10:01:03,426 INFO waiting for varnishd, php-fpm, varnish-plugins-watcher, nginx, MailHog, mysql, varnish-themes-watcher to die
2019-02-09 10:01:04,443 INFO stopped: varnish-themes-watcher (terminated by SIGTERM)
2019-02-09 10:01:04,793 INFO stopped: mysql (exit status 0)
2019-02-09 10:01:04,808 INFO stopped: MailHog (terminated by SIGTERM)
2019-02-09 10:01:04,943 INFO stopped: nginx (exit status 0)
2019-02-09 10:01:05,043 INFO stopped: varnish-plugins-watcher (terminated by SIGTERM)
2019-02-09 10:01:05,078 INFO reaped unknown pid 912
2019-02-09 10:01:05,523 INFO stopped: php-fpm (exit status 0)
2019-02-09 10:01:05,979 INFO reaped unknown pid 915
2019-02-09 10:01:06,359 INFO reaped unknown pid 52
2019-02-09 10:01:06,532 INFO waiting for varnishd to die
2019-02-09 10:01:08,264 INFO stopped: varnishd (exit status 0)
2019-02-09 12:14:39,743 CRIT Supervisor running as root (no user in config file)
2019-02-09 12:14:39,745 INFO Included extra file "/etc/supervisor/conf.d/supervisord.conf" during parsing
2019-02-09 12:14:39,928 INFO RPC interface 'supervisor' initialized
2019-02-09 12:14:39,929 CRIT Server 'unix_http_server' running without any HTTP authentication checking
2019-02-09 12:14:39,931 INFO supervisord started with pid 1
2019-02-09 12:14:41,361 INFO spawned: 'varnishd' with pid 23
2019-02-09 12:14:41,411 INFO spawned: 'php-fpm' with pid 24
2019-02-09 12:14:41,429 INFO spawned: 'varnish-plugins-watcher' with pid 25
2019-02-09 12:14:41,559 INFO spawned: 'nginx' with pid 28
2019-02-09 12:14:41,729 INFO spawned: 'MailHog' with pid 29
2019-02-09 12:14:41,878 INFO spawned: 'mysql' with pid 30
2019-02-09 12:14:42,228 INFO spawned: 'varnish-themes-watcher' with pid 34
2019-02-09 12:14:42,349 INFO success: varnishd entered RUNNING state, process has stayed up for > than 1 seconds (startsecs)
2019-02-09 12:14:42,407 INFO success: php-fpm entered RUNNING state, process has stayed up for > than 1 seconds (startsecs)
2019-02-09 12:14:42,413 INFO success: varnish-plugins-watcher entered RUNNING state, process has stayed up for > than 1 seconds (startsecs)
2019-02-09 12:14:42,556 INFO success: nginx entered RUNNING state, process has stayed up for > than 1 seconds (startsecs)
2019-02-09 12:14:42,790 INFO success: MailHog entered RUNNING state, process has stayed up for > than 1 seconds (startsecs)
2019-02-09 12:14:42,988 INFO success: mysql entered RUNNING state, process has stayed up for > than 1 seconds (startsecs)
2019-02-09 12:14:43,025 INFO success: varnish-themes-watcher entered RUNNING state, process has stayed up for > than 1 seconds (startsecs)
2019-02-09 17:52:49,938 WARN received SIGTERM indicating exit request
2019-02-09 17:52:50,033 INFO waiting for varnishd, php-fpm, varnish-plugins-watcher, nginx, MailHog, mysql, varnish-themes-watcher to die
2019-02-09 17:52:51,051 INFO stopped: varnish-themes-watcher (terminated by SIGTERM)
2019-02-09 17:52:51,284 INFO stopped: mysql (exit status 0)
2019-02-09 17:52:51,301 INFO stopped: MailHog (terminated by SIGTERM)
2019-02-09 17:52:51,349 INFO stopped: nginx (exit status 0)
2019-02-09 17:52:52,387 INFO stopped: varnish-plugins-watcher (terminated by SIGTERM)
2019-02-09 17:52:52,657 INFO stopped: php-fpm (exit status 0)
2019-02-09 17:52:53,682 INFO waiting for varnishd to die
2019-02-09 17:52:54,068 INFO reaped unknown pid 7341
2019-02-09 17:52:54,802 INFO reaped unknown pid 7343
2019-02-09 17:52:55,268 INFO reaped unknown pid 56
2019-02-09 17:52:55,792 INFO stopped: varnishd (exit status 0)
2019-06-23 07:29:15,501 CRIT Supervisor running as root (no user in config file)
2019-06-23 07:29:15,518 INFO Included extra file "/etc/supervisor/conf.d/supervisord.conf" during parsing
2019-06-23 07:29:15,698 INFO RPC interface 'supervisor' initialized
2019-06-23 07:29:15,700 CRIT Server 'unix_http_server' running without any HTTP authentication checking
2019-06-23 07:29:15,704 INFO supervisord started with pid 1
2019-06-23 07:29:16,715 INFO spawned: 'varnishd' with pid 23
2019-06-23 07:29:16,734 INFO spawned: 'php-fpm' with pid 24
2019-06-23 07:29:16,776 INFO spawned: 'varnish-plugins-watcher' with pid 25
2019-06-23 07:29:16,830 INFO spawned: 'nginx' with pid 26
2019-06-23 07:29:16,995 INFO spawned: 'MailHog' with pid 28
2019-06-23 07:29:17,078 INFO spawned: 'mysql' with pid 30
2019-06-23 07:29:17,143 INFO spawned: 'varnish-themes-watcher' with pid 31
2019-06-23 07:29:18,665 INFO success: varnishd entered RUNNING state, process has stayed up for > than 1 seconds (startsecs)
2019-06-23 07:29:18,667 INFO success: php-fpm entered RUNNING state, process has stayed up for > than 1 seconds (startsecs)
2019-06-23 07:29:18,668 INFO success: varnish-plugins-watcher entered RUNNING state, process has stayed up for > than 1 seconds (startsecs)
2019-06-23 07:29:18,670 INFO success: nginx entered RUNNING state, process has stayed up for > than 1 seconds (startsecs)
2019-06-23 07:29:18,673 INFO success: MailHog entered RUNNING state, process has stayed up for > than 1 seconds (startsecs)
2019-06-23 07:29:18,675 INFO success: mysql entered RUNNING state, process has stayed up for > than 1 seconds (startsecs)
2019-06-23 07:29:18,677 INFO success: varnish-themes-watcher entered RUNNING state, process has stayed up for > than 1 seconds (startsecs)
2019-06-23 07:33:46,597 WARN received SIGTERM indicating exit request
2019-06-23 07:33:46,696 INFO waiting for varnishd, php-fpm, varnish-plugins-watcher, nginx, MailHog, mysql, varnish-themes-watcher to die
2019-06-23 07:33:47,752 INFO stopped: varnish-themes-watcher (terminated by SIGTERM)
2019-06-23 07:33:47,986 INFO stopped: mysql (exit status 0)
2019-06-23 07:33:47,998 INFO stopped: MailHog (terminated by SIGTERM)
2019-06-23 07:33:48,065 INFO stopped: nginx (exit status 0)
2019-06-23 07:33:49,071 INFO stopped: varnish-plugins-watcher (terminated by SIGTERM)
2019-06-23 07:33:49,384 INFO stopped: php-fpm (exit status 0)
2019-06-23 07:33:50,439 INFO waiting for varnishd to die
2019-06-23 07:33:50,663 INFO reaped unknown pid 655
2019-06-23 07:33:50,665 INFO reaped unknown pid 654
2019-06-23 07:33:52,033 INFO reaped unknown pid 49
2019-06-23 07:33:52,246 INFO stopped: varnishd (exit status 0)
2019-07-04 19:21:36,251 CRIT Supervisor running as root (no user in config file)
2019-07-04 19:21:36,268 INFO Included extra file "/etc/supervisor/conf.d/supervisord.conf" during parsing
2019-07-04 19:21:36,743 INFO RPC interface 'supervisor' initialized
2019-07-04 19:21:36,758 CRIT Server 'unix_http_server' running without any HTTP authentication checking
2019-07-04 19:21:36,761 INFO supervisord started with pid 1
2019-07-04 19:21:38,133 INFO spawned: 'varnishd' with pid 27
2019-07-04 19:21:38,183 INFO spawned: 'php-fpm' with pid 28
2019-07-04 19:21:38,219 INFO spawned: 'varnish-plugins-watcher' with pid 29
2019-07-04 19:21:38,349 INFO spawned: 'nginx' with pid 32
2019-07-04 19:21:38,439 INFO spawned: 'MailHog' with pid 33
2019-07-04 19:21:38,496 INFO spawned: 'mysql' with pid 34
2019-07-04 19:21:38,632 INFO spawned: 'varnish-themes-watcher' with pid 35
2019-07-04 19:21:39,679 INFO success: varnishd entered RUNNING state, process has stayed up for > than 1 seconds (startsecs)
2019-07-04 19:21:39,680 INFO success: php-fpm entered RUNNING state, process has stayed up for > than 1 seconds (startsecs)
2019-07-04 19:21:39,715 INFO success: varnish-plugins-watcher entered RUNNING state, process has stayed up for > than 1 seconds (startsecs)
2019-07-04 19:21:39,779 INFO success: nginx entered RUNNING state, process has stayed up for > than 1 seconds (startsecs)
2019-07-04 19:21:39,790 INFO success: MailHog entered RUNNING state, process has stayed up for > than 1 seconds (startsecs)
2019-07-04 19:21:39,792 INFO success: mysql entered RUNNING state, process has stayed up for > than 1 seconds (startsecs)
2019-07-04 19:21:39,795 INFO success: varnish-themes-watcher entered RUNNING state, process has stayed up for > than 1 seconds (startsecs)
2019-07-04 19:40:52,944 WARN received SIGTERM indicating exit request
2019-07-04 19:40:52,988 INFO waiting for varnishd, php-fpm, varnish-plugins-watcher, nginx, MailHog, mysql, varnish-themes-watcher to die
2019-07-04 19:40:52,999 INFO stopped: varnish-themes-watcher (terminated by SIGTERM)
2019-07-04 19:40:53,442 INFO stopped: mysql (exit status 0)
2019-07-04 19:40:53,470 INFO stopped: MailHog (terminated by SIGTERM)
2019-07-04 19:40:53,504 INFO stopped: nginx (exit status 0)
2019-07-04 19:40:54,509 INFO stopped: varnish-plugins-watcher (terminated by SIGTERM)
2019-07-04 19:40:54,608 INFO stopped: php-fpm (exit status 0)
2019-07-04 19:40:55,844 INFO reaped unknown pid 1298
2019-07-04 19:40:56,737 INFO waiting for varnishd to die
2019-07-04 19:40:56,743 INFO stopped: varnishd (exit status 0)
2019-07-05 09:15:13,201 CRIT Supervisor running as root (no user in config file)
2019-07-05 09:15:13,227 INFO Included extra file "/etc/supervisor/conf.d/supervisord.conf" during parsing
2019-07-05 09:15:13,505 INFO RPC interface 'supervisor' initialized
2019-07-05 09:15:13,506 CRIT Server 'unix_http_server' running without any HTTP authentication checking
2019-07-05 09:15:13,508 INFO supervisord started with pid 1
2019-07-05 09:15:14,519 INFO spawned: 'varnishd' with pid 48
2019-07-05 09:15:14,544 INFO spawned: 'php-fpm' with pid 49
2019-07-05 09:15:14,571 INFO spawned: 'varnish-plugins-watcher' with pid 50
2019-07-05 09:15:14,694 INFO spawned: 'nginx' with pid 51
2019-07-05 09:15:14,716 INFO spawned: 'MailHog' with pid 52
2019-07-05 09:15:14,763 INFO spawned: 'mysql' with pid 53
2019-07-05 09:15:14,857 INFO spawned: 'varnish-themes-watcher' with pid 54
2019-07-05 09:15:15,759 INFO success: varnishd entered RUNNING state, process has stayed up for > than 1 seconds (startsecs)
2019-07-05 09:15:15,832 INFO success: php-fpm entered RUNNING state, process has stayed up for > than 1 seconds (startsecs)
2019-07-05 09:15:15,846 INFO success: varnish-plugins-watcher entered RUNNING state, process has stayed up for > than 1 seconds (startsecs)
2019-07-05 09:15:15,856 INFO success: nginx entered RUNNING state, process has stayed up for > than 1 seconds (startsecs)
2019-07-05 09:15:15,889 INFO success: MailHog entered RUNNING state, process has stayed up for > than 1 seconds (startsecs)
2019-07-05 09:15:15,892 INFO success: mysql entered RUNNING state, process has stayed up for > than 1 seconds (startsecs)
2019-07-05 09:15:15,894 INFO success: varnish-themes-watcher entered RUNNING state, process has stayed up for > than 1 seconds (startsecs)
2019-07-05 19:16:48,034 WARN received SIGTERM indicating exit request
2019-07-05 19:16:48,065 INFO waiting for varnishd, php-fpm, varnish-plugins-watcher, nginx, MailHog, mysql, varnish-themes-watcher to die
2019-07-05 19:16:49,248 INFO stopped: varnish-themes-watcher (terminated by SIGTERM)
2019-07-05 19:16:50,048 INFO reaped unknown pid 13442
2019-07-05 19:16:51,710 INFO stopped: mysql (exit status 0)
2019-07-05 19:16:51,714 INFO waiting for varnishd, php-fpm, varnish-plugins-watcher, nginx, MailHog to die
2019-07-05 19:16:51,720 INFO stopped: MailHog (terminated by SIGTERM)
2019-07-05 19:16:51,910 INFO stopped: nginx (exit status 0)
2019-07-05 19:16:52,261 INFO stopped: varnish-plugins-watcher (terminated by SIGTERM)
2019-07-05 19:16:52,264 INFO reaped unknown pid 92
2019-07-05 19:16:52,437 INFO stopped: php-fpm (exit status 0)
2019-07-05 19:16:54,918 INFO stopped: varnishd (exit status 0)
2019-07-06 06:48:34,478 CRIT Supervisor running as root (no user in config file)
2019-07-06 06:48:34,506 INFO Included extra file "/etc/supervisor/conf.d/supervisord.conf" during parsing
2019-07-06 06:48:34,863 INFO RPC interface 'supervisor' initialized
2019-07-06 06:48:34,868 CRIT Server 'unix_http_server' running without any HTTP authentication checking
2019-07-06 06:48:34,870 INFO supervisord started with pid 1
2019-07-06 06:48:35,889 INFO spawned: 'varnishd' with pid 50
2019-07-06 06:48:35,983 INFO spawned: 'php-fpm' with pid 51
2019-07-06 06:48:36,045 INFO spawned: 'varnish-plugins-watcher' with pid 52
2019-07-06 06:48:36,164 INFO spawned: 'nginx' with pid 53
2019-07-06 06:48:36,292 INFO spawned: 'MailHog' with pid 54
2019-07-06 06:48:36,459 INFO spawned: 'mysql' with pid 55
2019-07-06 06:48:36,975 INFO spawned: 'varnish-themes-watcher' with pid 61
2019-07-06 06:48:37,080 INFO success: varnishd entered RUNNING state, process has stayed up for > than 1 seconds (startsecs)
2019-07-06 06:48:37,098 INFO success: php-fpm entered RUNNING state, process has stayed up for > than 1 seconds (startsecs)
2019-07-06 06:48:37,109 INFO success: varnish-plugins-watcher entered RUNNING state, process has stayed up for > than 1 seconds (startsecs)
2019-07-06 06:48:37,174 INFO success: nginx entered RUNNING state, process has stayed up for > than 1 seconds (startsecs)
2019-07-06 06:48:37,539 INFO success: MailHog entered RUNNING state, process has stayed up for > than 1 seconds (startsecs)
2019-07-06 06:48:37,573 INFO success: mysql entered RUNNING state, process has stayed up for > than 1 seconds (startsecs)
2019-07-06 06:48:37,615 INFO success: varnish-themes-watcher entered RUNNING state, process has stayed up for > than 1 seconds (startsecs)
2019-07-06 18:29:05,828 WARN received SIGTERM indicating exit request
2019-07-06 18:29:05,972 INFO waiting for varnishd, php-fpm, varnish-plugins-watcher, nginx, MailHog, mysql, varnish-themes-watcher to die
2019-07-06 18:29:07,003 INFO stopped: varnish-themes-watcher (terminated by SIGTERM)
2019-07-06 18:29:07,174 INFO stopped: mysql (exit status 0)
2019-07-06 18:29:07,180 INFO stopped: MailHog (terminated by SIGTERM)
2019-07-06 18:29:07,278 INFO stopped: nginx (exit status 0)
2019-07-06 18:29:08,286 INFO stopped: varnish-plugins-watcher (terminated by SIGTERM)
2019-07-06 18:29:08,752 INFO stopped: php-fpm (exit status 0)
2019-07-06 18:29:09,779 INFO waiting for varnishd to die
2019-07-06 18:29:10,045 INFO reaped unknown pid 13446
2019-07-06 18:29:10,084 INFO reaped unknown pid 13448
2019-07-06 18:29:10,841 INFO reaped unknown pid 105
2019-07-06 18:29:10,881 INFO stopped: varnishd (exit status 0)
2019-07-07 10:23:02,970 CRIT Supervisor running as root (no user in config file)
2019-07-07 10:23:02,984 INFO Included extra file "/etc/supervisor/conf.d/supervisord.conf" during parsing
2019-07-07 10:23:03,217 INFO RPC interface 'supervisor' initialized
2019-07-07 10:23:03,222 CRIT Server 'unix_http_server' running without any HTTP authentication checking
2019-07-07 10:23:03,225 INFO supervisord started with pid 1
2019-07-07 10:23:04,237 INFO spawned: 'varnishd' with pid 48
2019-07-07 10:23:04,271 INFO spawned: 'php-fpm' with pid 49
2019-07-07 10:23:04,318 INFO spawned: 'varnish-plugins-watcher' with pid 50
2019-07-07 10:23:04,446 INFO spawned: 'nginx' with pid 51
2019-07-07 10:23:04,537 INFO spawned: 'MailHog' with pid 53
2019-07-07 10:23:04,654 INFO spawned: 'mysql' with pid 54
2019-07-07 10:23:05,132 INFO spawned: 'varnish-themes-watcher' with pid 59
2019-07-07 10:23:05,317 INFO success: varnishd entered RUNNING state, process has stayed up for > than 1 seconds (startsecs)
2019-07-07 10:23:05,328 INFO success: php-fpm entered RUNNING state, process has stayed up for > than 1 seconds (startsecs)
2019-07-07 10:23:05,334 INFO success: varnish-plugins-watcher entered RUNNING state, process has stayed up for > than 1 seconds (startsecs)
2019-07-07 10:23:05,679 INFO success: nginx entered RUNNING state, process has stayed up for > than 1 seconds (startsecs)
2019-07-07 10:23:05,681 INFO success: MailHog entered RUNNING state, process has stayed up for > than 1 seconds (startsecs)
2019-07-07 10:23:05,692 INFO success: mysql entered RUNNING state, process has stayed up for > than 1 seconds (startsecs)
2019-07-07 10:23:05,742 INFO success: varnish-themes-watcher entered RUNNING state, process has stayed up for > than 1 seconds (startsecs)
2019-07-07 19:34:02,295 WARN received SIGTERM indicating exit request
2019-07-07 19:34:02,383 INFO waiting for varnishd, php-fpm, varnish-plugins-watcher, nginx, MailHog, mysql, varnish-themes-watcher to die
2019-07-07 19:34:02,385 INFO stopped: varnish-themes-watcher (terminated by SIGTERM)
2019-07-07 19:34:02,876 INFO stopped: mysql (exit status 0)
2019-07-07 19:34:02,896 INFO stopped: MailHog (terminated by SIGTERM)
2019-07-07 19:34:03,514 INFO stopped: nginx (exit status 0)
2019-07-07 19:34:03,841 INFO stopped: varnish-plugins-watcher (terminated by SIGTERM)
2019-07-07 19:34:03,842 INFO reaped unknown pid 10899
2019-07-07 19:34:03,874 INFO reaped unknown pid 10900
2019-07-07 19:34:04,227 INFO stopped: php-fpm (exit status 0)
2019-07-07 19:34:05,689 INFO reaped unknown pid 101
2019-07-07 19:34:05,692 INFO waiting for varnishd to die
2019-07-07 19:34:06,429 INFO stopped: varnishd (exit status 0)
2019-07-08 09:25:09,748 CRIT Supervisor running as root (no user in config file)
2019-07-08 09:25:09,802 INFO Included extra file "/etc/supervisor/conf.d/supervisord.conf" during parsing
2019-07-08 09:25:10,324 INFO RPC interface 'supervisor' initialized
2019-07-08 09:25:10,334 CRIT Server 'unix_http_server' running without any HTTP authentication checking
2019-07-08 09:25:10,337 INFO supervisord started with pid 1
2019-07-08 09:25:11,355 INFO spawned: 'varnishd' with pid 77
2019-07-08 09:25:11,379 INFO spawned: 'php-fpm' with pid 78
2019-07-08 09:25:11,399 INFO spawned: 'varnish-plugins-watcher' with pid 79
2019-07-08 09:25:11,482 INFO spawned: 'nginx' with pid 80
2019-07-08 09:25:11,515 INFO spawned: 'MailHog' with pid 81
2019-07-08 09:25:11,555 INFO spawned: 'mysql' with pid 82
2019-07-08 09:25:11,596 INFO spawned: 'varnish-themes-watcher' with pid 83
2019-07-08 09:25:12,620 INFO success: varnishd entered RUNNING state, process has stayed up for > than 1 seconds (startsecs)
2019-07-08 09:25:12,689 INFO success: php-fpm entered RUNNING state, process has stayed up for > than 1 seconds (startsecs)
2019-07-08 09:25:12,781 INFO success: varnish-plugins-watcher entered RUNNING state, process has stayed up for > than 1 seconds (startsecs)
2019-07-08 09:25:12,784 INFO success: nginx entered RUNNING state, process has stayed up for > than 1 seconds (startsecs)
2019-07-08 09:25:12,786 INFO success: MailHog entered RUNNING state, process has stayed up for > than 1 seconds (startsecs)
2019-07-08 09:25:12,855 INFO success: mysql entered RUNNING state, process has stayed up for > than 1 seconds (startsecs)
2019-07-08 09:25:12,856 INFO success: varnish-themes-watcher entered RUNNING state, process has stayed up for > than 1 seconds (startsecs)
2019-07-09 06:31:17,422 WARN received SIGTERM indicating exit request
2019-07-09 06:31:17,467 INFO waiting for varnishd, php-fpm, varnish-plugins-watcher, nginx, MailHog, mysql, varnish-themes-watcher to die
2019-07-09 06:31:17,550 INFO stopped: varnish-themes-watcher (terminated by SIGTERM)
2019-07-09 06:31:17,567 INFO reaped unknown pid 29282
2019-07-09 06:31:17,821 INFO stopped: mysql (exit status 0)
2019-07-09 06:31:17,834 INFO stopped: MailHog (terminated by SIGTERM)
2019-07-09 06:31:17,887 INFO stopped: nginx (exit status 0)
2019-07-09 06:31:18,899 INFO stopped: varnish-plugins-watcher (terminated by SIGTERM)
2019-07-09 06:31:18,998 INFO reaped unknown pid 107
2019-07-09 06:31:19,179 INFO stopped: php-fpm (exit status 0)
2019-07-09 06:31:21,202 INFO waiting for varnishd to die
2019-07-09 06:31:21,904 INFO stopped: varnishd (exit status 0)
2019-07-09 10:42:38,954 CRIT Supervisor running as root (no user in config file)
2019-07-09 10:42:38,956 INFO Included extra file "/etc/supervisor/conf.d/supervisord.conf" during parsing
2019-07-09 10:42:39,164 INFO RPC interface 'supervisor' initialized
2019-07-09 10:42:39,168 CRIT Server 'unix_http_server' running without any HTTP authentication checking
2019-07-09 10:42:39,170 INFO supervisord started with pid 1
2019-07-09 10:42:40,180 INFO spawned: 'varnishd' with pid 48
2019-07-09 10:42:40,200 INFO spawned: 'php-fpm' with pid 49
2019-07-09 10:42:40,240 INFO spawned: 'varnish-plugins-watcher' with pid 50
2019-07-09 10:42:40,331 INFO spawned: 'nginx' with pid 51
2019-07-09 10:42:40,356 INFO spawned: 'MailHog' with pid 52
2019-07-09 10:42:40,420 INFO spawned: 'mysql' with pid 53
2019-07-09 10:42:40,458 INFO spawned: 'varnish-themes-watcher' with pid 54
2019-07-09 10:42:41,292 INFO success: varnishd entered RUNNING state, process has stayed up for > than 1 seconds (startsecs)
2019-07-09 10:42:41,294 INFO success: php-fpm entered RUNNING state, process has stayed up for > than 1 seconds (startsecs)
2019-07-09 10:42:41,295 INFO success: varnish-plugins-watcher entered RUNNING state, process has stayed up for > than 1 seconds (startsecs)
2019-07-09 10:42:41,298 INFO success: nginx entered RUNNING state, process has stayed up for > than 1 seconds (startsecs)
2019-07-09 10:42:41,495 INFO success: MailHog entered RUNNING state, process has stayed up for > than 1 seconds (startsecs)
2019-07-09 10:42:41,522 INFO success: mysql entered RUNNING state, process has stayed up for > than 1 seconds (startsecs)
2019-07-09 10:42:41,528 INFO success: varnish-themes-watcher entered RUNNING state, process has stayed up for > than 1 seconds (startsecs)
2019-07-09 19:06:05,539 WARN received SIGTERM indicating exit request
2019-07-09 19:06:05,542 INFO waiting for varnishd, php-fpm, varnish-plugins-watcher, nginx, MailHog, mysql, varnish-themes-watcher to die
2019-07-09 19:06:06,807 INFO stopped: varnish-themes-watcher (terminated by SIGTERM)
2019-07-09 19:06:07,593 INFO stopped: mysql (exit status 0)
2019-07-09 19:06:07,643 INFO stopped: MailHog (terminated by SIGTERM)
2019-07-09 19:06:07,712 INFO stopped: nginx (exit status 0)
2019-07-09 19:06:08,815 INFO stopped: varnish-plugins-watcher (terminated by SIGTERM)
2019-07-09 19:06:08,847 INFO waiting for varnishd, php-fpm to die
2019-07-09 19:06:09,551 INFO reaped unknown pid 95
2019-07-09 19:06:09,767 INFO reaped unknown pid 18647
2019-07-09 19:06:09,834 INFO stopped: php-fpm (exit status 0)
2019-07-09 19:06:11,494 INFO reaped unknown pid 18654
2019-07-09 19:06:12,510 INFO waiting for varnishd to die
2019-07-09 19:06:13,008 INFO stopped: varnishd (exit status 0)
2019-07-10 12:48:38,678 CRIT Supervisor running as root (no user in config file)
2019-07-10 12:48:38,703 INFO Included extra file "/etc/supervisor/conf.d/supervisord.conf" during parsing
2019-07-10 12:48:39,207 INFO RPC interface 'supervisor' initialized
2019-07-10 12:48:39,239 CRIT Server 'unix_http_server' running without any HTTP authentication checking
2019-07-10 12:48:39,242 INFO supervisord started with pid 1
2019-07-10 12:48:40,257 INFO spawned: 'varnishd' with pid 68
2019-07-10 12:48:40,320 INFO spawned: 'php-fpm' with pid 69
2019-07-10 12:48:40,509 INFO spawned: 'varnish-plugins-watcher' with pid 70
2019-07-10 12:48:40,631 INFO spawned: 'nginx' with pid 71
2019-07-10 12:48:40,729 INFO spawned: 'MailHog' with pid 72
2019-07-10 12:48:40,770 INFO spawned: 'mysql' with pid 74
2019-07-10 12:48:40,842 INFO spawned: 'varnish-themes-watcher' with pid 75
2019-07-10 12:48:41,531 INFO success: varnishd entered RUNNING state, process has stayed up for > than 1 seconds (startsecs)
2019-07-10 12:48:41,533 INFO success: php-fpm entered RUNNING state, process has stayed up for > than 1 seconds (startsecs)
2019-07-10 12:48:41,542 INFO success: varnish-plugins-watcher entered RUNNING state, process has stayed up for > than 1 seconds (startsecs)
2019-07-10 12:48:41,544 INFO success: nginx entered RUNNING state, process has stayed up for > than 1 seconds (startsecs)
2019-07-10 12:48:41,715 INFO success: MailHog entered RUNNING state, process has stayed up for > than 1 seconds (startsecs)
2019-07-10 12:48:41,761 INFO success: mysql entered RUNNING state, process has stayed up for > than 1 seconds (startsecs)
2019-07-10 12:48:41,996 INFO success: varnish-themes-watcher entered RUNNING state, process has stayed up for > than 1 seconds (startsecs)
