[19-Jan-2019 14:34:09] NOTICE: fpm is running, pid 16
[19-Jan-2019 14:34:09] NOTICE: ready to handle connections
[19-Jan-2019 14:45:36] WARNING: [pool www] server reached pm.max_children setting (5), consider raising it
[19-Jan-2019 15:03:13] WARNING: [pool www] server reached pm.max_children setting (5), consider raising it
[19-Jan-2019 20:05:54] NOTICE: Terminating ...
[19-Jan-2019 20:05:54] NOTICE: exiting, bye-bye!
[05-Feb-2019 16:04:49] NOTICE: fpm is running, pid 30
[05-Feb-2019 16:04:49] NOTICE: ready to handle connections
[05-Feb-2019 16:21:47] NOTICE: Terminating ...
[05-Feb-2019 16:21:47] NOTICE: exiting, bye-bye!
[09-Feb-2019 09:50:43] NOTICE: fpm is running, pid 26
[09-Feb-2019 09:50:43] NOTICE: ready to handle connections
[09-Feb-2019 10:01:05] NOTICE: Terminating ...
[09-Feb-2019 10:01:05] NOTICE: exiting, bye-bye!
[09-Feb-2019 12:14:43] NOTICE: fpm is running, pid 24
[09-Feb-2019 12:14:43] NOTICE: ready to handle connections
[09-Feb-2019 17:52:52] NOTICE: Terminating ...
[09-Feb-2019 17:52:52] NOTICE: exiting, bye-bye!
[23-Jun-2019 07:29:17] NOTICE: fpm is running, pid 24
[23-Jun-2019 07:29:17] NOTICE: ready to handle connections
[23-Jun-2019 07:33:49] NOTICE: Terminating ...
[23-Jun-2019 07:33:49] NOTICE: exiting, bye-bye!
[04-Jul-2019 19:21:41] NOTICE: fpm is running, pid 28
[04-Jul-2019 19:21:41] NOTICE: ready to handle connections
[04-Jul-2019 19:23:27] WARNING: [pool www] server reached pm.max_children setting (5), consider raising it
[04-Jul-2019 19:40:54] NOTICE: Terminating ...
[04-Jul-2019 19:40:54] NOTICE: exiting, bye-bye!
[05-Jul-2019 09:15:16] NOTICE: fpm is running, pid 49
[05-Jul-2019 09:15:16] NOTICE: ready to handle connections
[05-Jul-2019 18:02:42] WARNING: [pool www] server reached pm.max_children setting (5), consider raising it
[05-Jul-2019 18:54:09] WARNING: [pool www] server reached pm.max_children setting (5), consider raising it
[05-Jul-2019 19:16:52] NOTICE: Terminating ...
[05-Jul-2019 19:16:52] NOTICE: exiting, bye-bye!
[06-Jul-2019 06:48:39] NOTICE: fpm is running, pid 51
[06-Jul-2019 06:48:39] NOTICE: ready to handle connections
[06-Jul-2019 18:29:08] NOTICE: Terminating ...
[06-Jul-2019 18:29:08] NOTICE: exiting, bye-bye!
[07-Jul-2019 10:23:06] NOTICE: fpm is running, pid 49
[07-Jul-2019 10:23:06] NOTICE: ready to handle connections
[07-Jul-2019 19:34:03] NOTICE: Terminating ...
[07-Jul-2019 19:34:04] NOTICE: exiting, bye-bye!
[08-Jul-2019 09:25:14] NOTICE: fpm is running, pid 78
[08-Jul-2019 09:25:14] NOTICE: ready to handle connections
[08-Jul-2019 17:54:36] WARNING: [pool www] server reached pm.max_children setting (5), consider raising it
